16:28:17,843 INFO  XmlData         Loading xml data...
16:28:17,815 INFO  AppSettings     Loading app settings...
16:28:18,766 WARN  XmlData         '1Crystal Graoundb1' and '1SnowGround1' has the same ID of 0x5579!
16:28:18,768 WARN  XmlData         'Gothic Rug' and 'Gothic Rug' has the same ID of 0x0049!
16:28:18,769 WARN  XmlData         0x0049 and 0x0049 has the same name of Gothic Rug!
16:28:18,770 WARN  XmlData         0x0065 and 0x0061 has the same name of Grey Circle!
16:28:19,002 WARN  XmlData         'Ice Tomb Attacker Statue' and 'Void anchor' has the same ID of 0x7fa9!
16:28:19,259 WARN  XmlData         'Lantern Flicker' and 'Lantern Flicker' has the same ID of 0xab55!
16:28:19,260 WARN  XmlData         0xab55 and 0xab55 has the same name of Lantern Flicker!
16:28:19,316 WARN  XmlData         'Nexus Anchor' and 'Royal Majesty Bolt2' has the same ID of 0x7412!
16:28:19,318 WARN  XmlData         'Nexus Chinese Dragon' and 'Haunted Shield' has the same ID of 0x7413!
16:28:19,459 WARN  XmlData         'Lil' Ghost Skin' and 'Carrot of Wisdom' has the same ID of 0x8031!
16:28:19,461 WARN  XmlData         'Spirit Skin' and 'Carrot's Revenge Basic' has the same ID of 0x8032!
16:28:19,462 WARN  XmlData         'Baby Skin' and 'Carrot's Revenge' has the same ID of 0x8033!
16:28:19,462 WARN  XmlData         'Eagle Skin' and 'Planted Carrot' has the same ID of 0x8040!
16:28:19,463 WARN  XmlData         'Blue Landfish Skin' and 'Sealed Crystal Skull' has the same ID of 0x8078!
16:28:19,465 WARN  XmlData         0x0197 and 0x0164 has the same name of Heal!
16:28:19,465 WARN  XmlData         0x019a and 0x0715 has the same name of Decoy!
16:28:19,511 WARN  XmlData         0x5461 and 0x7f60 has the same name of Elf!
16:28:19,588 WARN  XmlData         'Heavy Crossbow Bolt' and 'Infestation 2' has the same ID of 0x0001!
16:28:19,589 WARN  XmlData         'Red Fire' and 'Infestation 1' has the same ID of 0x0002!
16:28:19,593 WARN  XmlData         'Poison Katana Slash' and 'Poison Katana Slash' has the same ID of 0x217e!
16:28:19,594 WARN  XmlData         0x217e and 0x217e has the same name of Poison Katana Slash!
16:28:19,597 WARN  XmlData         0x738d and 0x5783 has the same name of BellaShot!
16:28:19,599 WARN  XmlData         0x738e and 0x5780 has the same name of BellaBerry!
16:28:19,600 WARN  XmlData         0x738f and 0x5782 has the same name of BellaPetal!
16:28:19,603 WARN  XmlData         0x740d and 0x5781 has the same name of BellaLeaf!
16:28:19,605 WARN  XmlData         'Void Star' and 'Void Star' has the same ID of 0x716e!
16:28:19,608 WARN  XmlData         0x716e and 0x716e has the same name of Void Star!
16:28:19,609 WARN  XmlData         'TH Stinger Large' and 'TH Stinger Large' has the same ID of 0x011e!
16:28:19,611 WARN  XmlData         0x011e and 0x011e has the same name of TH Stinger Large!
16:28:19,613 WARN  XmlData         'TH Stinger Small' and 'TH Stinger Small' has the same ID of 0x011f!
16:28:19,615 WARN  XmlData         0x011f and 0x011f has the same name of TH Stinger Small!
16:28:19,618 WARN  XmlData         'TH Honey Daze' and 'TH Honey Daze' has the same ID of 0xa233!
16:28:19,620 WARN  XmlData         0xa233 and 0xa233 has the same name of TH Honey Daze!
16:28:19,621 WARN  XmlData         'Dragon Arrow' and 'Dragon Arrow' has the same ID of 0x7fcc!
16:28:19,622 WARN  XmlData         0x7fcc and 0x7fcc has the same name of Dragon Arrow!
16:28:19,788 WARN  XmlData         0x31a2 and 0x319d has the same name of SW Catenae's shuriken large proj!
16:28:20,028 WARN  XmlData         'Brown Wall' and 'MagicHeal' has the same ID of 0x0170!
16:28:20,030 WARN  XmlData         'Broken Grey Pillar' and 'AttackMid' has the same ID of 0x0180!
16:28:20,034 WARN  XmlData         'Broken Purple Pillar' and 'AttackFar' has the same ID of 0x0181!
16:28:20,036 WARN  XmlData         'Broken Blue Pillar' and 'ElectricZap' has the same ID of 0x0182!
16:28:20,039 WARN  XmlData         'Broken Red Pillar' and 'PetSavage' has the same ID of 0x0183!
16:28:20,042 WARN  XmlData         'Cross' and 'PetDecoy' has the same ID of 0x0184!
16:28:20,046 WARN  XmlData         'Fir Tree 1' and 'PetRisingFury' has the same ID of 0x0185!
16:28:20,047 WARN  XmlData         'Cherry Tree' and 'Attack Mid' has the same ID of 0x0194!
16:28:20,053 WARN  XmlData         'Saguaro Cactus 1' and 'Heal' has the same ID of 0x0197!
16:28:20,057 WARN  XmlData         'Saguaro Cactus 2' and 'Magic Heal' has the same ID of 0x0198!
16:28:20,061 WARN  XmlData         'Saguaro Cactus 3' and 'Savage' has the same ID of 0x0199!
16:28:20,064 WARN  XmlData         'Small Saguaro Cactus 1' and 'Decoy' has the same ID of 0x019a!
16:28:20,067 WARN  XmlData         'Small Saguaro Cactus 2' and 'Rising Fury' has the same ID of 0x019b!
16:28:20,192 WARN  XmlData         0x3a8b and 0x39bd has the same name of SNN lWPFs!
16:28:20,243 WARN  XmlData         0x3b2a and 0x3b10 has the same name of SN CW!
16:28:20,249 WARN  XmlData         0x3b98 and 0x3b83 has the same name of SNS CW!
16:28:20,253 WARN  XmlData         0x3bf9 and 0x3be4 has the same name of SNN CW!
16:28:20,260 WARN  XmlData         0x3c7b and 0x3c66 has the same name of SNR CW!
16:28:20,318 WARN  XmlData         'TH Fat Bees' and 'TH Fat Bees' has the same ID of 0x0127!
16:28:20,321 WARN  XmlData         0x0127 and 0x0127 has the same name of TH Fat Bees!
16:28:20,438 WARN  XmlData         'Debug Spawn' and 'Debug Spawn' has the same ID of 0x4309!
16:28:20,440 WARN  XmlData         0x4309 and 0x4309 has the same name of Debug Spawn!
16:28:20,453 INFO  XmlData         Finish loading game data.
16:28:20,455 INFO  XmlData         2234 Items
16:28:20,461 INFO  XmlData         1361 Tiles
16:28:20,464 INFO  XmlData         4337 Objects
16:28:20,468 INFO  XmlData         35 Skins
16:28:20,472 INFO  XmlData         24 Equipment Sets
16:28:20,475 INFO  XmlData         16 Classes
16:28:20,479 INFO  XmlData         101 Portals
16:28:20,483 INFO  XmlData         4 Merchants
16:28:20,485 INFO  XmlData         164 Pets
16:28:20,488 INFO  XmlData         7 Remote Textures
16:28:20,492 INFO  XmlData         0 Additions
16:28:18,517 WARN  XmlData         'Castle of Dark Magic Portal' and 'Master Zemith's Hideout Key' has the same ID of 0x7b68!
16:28:20,588 INFO  Resources       Loading web data...
16:28:18,573 WARN  XmlData         0x7833 and 0x7833 has the same name of Super Magic Mushroom!
16:28:18,571 WARN  XmlData         'Super Magic Mushroom' and 'Super Magic Mushroom' has the same ID of 0x7833!
16:28:18,649 WARN  XmlData         'The Stone Revenant set' and 'Crystal Kunoichi Set' has the same skinType of 0x4b50!
16:28:18,648 WARN  XmlData         'Oryx's Battle Attires' and 'Oryx Awesome Set' has the same skinType of 0x0401!
16:28:18,764 WARN  XmlData         'SP Crystal Light Ground' and 'Abyss Troom Ground' has the same ID of 0x8590!
16:28:20,909 INFO  Resources       Loading language data...
16:28:21,298 INFO  ISManager       Server's Id is 68261080-45c8-4d43-b0b5-a37d82713af8
16:28:21,439 INFO  ISManager       AppEngine (Account, 68261080-45c8-4d43-b0b5-a37d82713af8) joined the network.
16:28:21,671 INFO  Server          Listening at port 80...
16:28:18,765 WARN  XmlData         0x8560 and 0x8567 has the same name of Moon Dark Tile!
16:28:25,888 INFO  ISManager       NAEast (World, 0056c2b2-ac20-4e0b-b718-479cdd5d7941) joined the network.
16:28:33,343 INFO  Server          Dispatching '/crossdomain.xml'@127.0.0.1
16:28:33,410 INFO  Server          Dispatching '/app/getLanguageStrings'@127.0.0.1
16:28:33,546 INFO  Server          Dispatching '/app/init'@127.0.0.1
16:28:33,582 INFO  Server          Dispatching '/app/getServerXmls'@127.0.0.1
16:28:33,643 INFO  Server          Dispatching '/char/list'@127.0.0.1
16:28:33,798 INFO  Server          Dispatching '/dailyLogin/fetchCalendar'@127.0.0.1
16:28:33,833 INFO  Server          Dispatching '/inGameNews/getNews'@127.0.0.1
16:28:33,865 INFO  Server          Dispatching '/app/globalNews'@127.0.0.1
16:28:33,938 INFO  Server          Dispatching '/mysterybox/getBoxes'@127.0.0.1
16:29:04,109 INFO  Server          Dispatching '/app/globalNews'@127.0.0.1
16:36:00,251 INFO  Server          Dispatching '/crossdomain.xml'@127.0.0.1
16:36:00,257 INFO  Server          Dispatching '/app/getLanguageStrings'@127.0.0.1
16:36:00,315 INFO  Server          Dispatching '/app/init'@127.0.0.1
16:36:00,340 INFO  Server          Dispatching '/app/getServerXmls'@127.0.0.1
16:36:00,371 INFO  Server          Dispatching '/char/list'@127.0.0.1
16:36:00,467 INFO  Server          Dispatching '/dailyLogin/fetchCalendar'@127.0.0.1
16:36:00,495 INFO  Server          Dispatching '/inGameNews/getNews'@127.0.0.1
16:36:00,524 INFO  Server          Dispatching '/app/globalNews'@127.0.0.1
16:36:00,594 INFO  Server          Dispatching '/mysterybox/getBoxes'@127.0.0.1
16:49:46,242 INFO  AppSettings     Loading app settings...
16:49:47,293 WARN  XmlData         0x8560 and 0x8567 has the same name of Moon Dark Tile!
16:49:47,299 WARN  XmlData         '1Crystal Graoundb1' and '1SnowGround1' has the same ID of 0x5579!
16:49:47,306 WARN  XmlData         'Gothic Rug' and 'Gothic Rug' has the same ID of 0x0049!
16:49:47,313 WARN  XmlData         0x0049 and 0x0049 has the same name of Gothic Rug!
16:49:47,558 WARN  XmlData         0x0065 and 0x0061 has the same name of Grey Circle!
16:49:47,720 WARN  XmlData         'Ice Tomb Attacker Statue' and 'Void anchor' has the same ID of 0x7fa9!
16:49:48,064 WARN  XmlData         'Lantern Flicker' and 'Lantern Flicker' has the same ID of 0xab55!
16:49:48,450 WARN  XmlData         0xab55 and 0xab55 has the same name of Lantern Flicker!
16:49:48,680 WARN  XmlData         'Nexus Anchor' and 'Royal Majesty Bolt2' has the same ID of 0x7412!
16:49:48,791 WARN  XmlData         'Nexus Chinese Dragon' and 'Haunted Shield' has the same ID of 0x7413!
16:49:46,285 INFO  XmlData         Loading xml data...
16:49:46,682 WARN  XmlData         'Castle of Dark Magic Portal' and 'Master Zemith's Hideout Key' has the same ID of 0x7b68!
16:49:48,948 WARN  XmlData         'Lil' Ghost Skin' and 'Carrot of Wisdom' has the same ID of 0x8031!
16:49:48,955 WARN  XmlData         'Spirit Skin' and 'Carrot's Revenge Basic' has the same ID of 0x8032!
16:49:48,958 WARN  XmlData         'Baby Skin' and 'Carrot's Revenge' has the same ID of 0x8033!
16:49:48,962 WARN  XmlData         'Eagle Skin' and 'Planted Carrot' has the same ID of 0x8040!
16:49:48,974 WARN  XmlData         'Blue Landfish Skin' and 'Sealed Crystal Skull' has the same ID of 0x8078!
16:49:49,062 WARN  XmlData         0x0197 and 0x0164 has the same name of Heal!
16:49:49,067 WARN  XmlData         0x019a and 0x0715 has the same name of Decoy!
16:49:46,866 WARN  XmlData         0x7833 and 0x7833 has the same name of Super Magic Mushroom!
16:49:49,147 WARN  XmlData         0x5461 and 0x7f60 has the same name of Elf!
16:49:49,195 WARN  XmlData         'Heavy Crossbow Bolt' and 'Infestation 2' has the same ID of 0x0001!
16:49:46,809 WARN  XmlData         'Super Magic Mushroom' and 'Super Magic Mushroom' has the same ID of 0x7833!
16:49:49,197 WARN  XmlData         'Red Fire' and 'Infestation 1' has the same ID of 0x0002!
16:49:49,216 WARN  XmlData         'Poison Katana Slash' and 'Poison Katana Slash' has the same ID of 0x217e!
16:49:49,224 WARN  XmlData         0x217e and 0x217e has the same name of Poison Katana Slash!
16:49:49,235 WARN  XmlData         0x738d and 0x5783 has the same name of BellaShot!
16:49:49,258 WARN  XmlData         0x738e and 0x5780 has the same name of BellaBerry!
16:49:49,303 WARN  XmlData         0x738f and 0x5782 has the same name of BellaPetal!
16:49:49,356 WARN  XmlData         0x740d and 0x5781 has the same name of BellaLeaf!
16:49:49,361 WARN  XmlData         'Void Star' and 'Void Star' has the same ID of 0x716e!
16:49:49,364 WARN  XmlData         0x716e and 0x716e has the same name of Void Star!
16:49:49,366 WARN  XmlData         'TH Stinger Large' and 'TH Stinger Large' has the same ID of 0x011e!
16:49:47,151 WARN  XmlData         'Oryx's Battle Attires' and 'Oryx Awesome Set' has the same skinType of 0x0401!
16:49:49,368 WARN  XmlData         0x011e and 0x011e has the same name of TH Stinger Large!
16:49:49,371 WARN  XmlData         'TH Stinger Small' and 'TH Stinger Small' has the same ID of 0x011f!
16:49:49,377 WARN  XmlData         0x011f and 0x011f has the same name of TH Stinger Small!
16:49:49,379 WARN  XmlData         'TH Honey Daze' and 'TH Honey Daze' has the same ID of 0xa233!
16:49:49,380 WARN  XmlData         0xa233 and 0xa233 has the same name of TH Honey Daze!
16:49:49,382 WARN  XmlData         'Dragon Arrow' and 'Dragon Arrow' has the same ID of 0x7fcc!
16:49:49,384 WARN  XmlData         0x7fcc and 0x7fcc has the same name of Dragon Arrow!
16:49:47,288 WARN  XmlData         'SP Crystal Light Ground' and 'Abyss Troom Ground' has the same ID of 0x8590!
16:49:47,176 WARN  XmlData         'The Stone Revenant set' and 'Crystal Kunoichi Set' has the same skinType of 0x4b50!
16:49:49,558 WARN  XmlData         0x31a2 and 0x319d has the same name of SW Catenae's shuriken large proj!
16:49:49,708 WARN  XmlData         'Brown Wall' and 'MagicHeal' has the same ID of 0x0170!
16:49:49,717 WARN  XmlData         'Broken Grey Pillar' and 'AttackMid' has the same ID of 0x0180!
16:49:49,731 WARN  XmlData         'Broken Purple Pillar' and 'AttackFar' has the same ID of 0x0181!
16:49:49,785 WARN  XmlData         'Broken Blue Pillar' and 'ElectricZap' has the same ID of 0x0182!
16:49:49,795 WARN  XmlData         'Broken Red Pillar' and 'PetSavage' has the same ID of 0x0183!
16:49:49,802 WARN  XmlData         'Cross' and 'PetDecoy' has the same ID of 0x0184!
16:49:49,807 WARN  XmlData         'Fir Tree 1' and 'PetRisingFury' has the same ID of 0x0185!
16:49:49,870 WARN  XmlData         'Cherry Tree' and 'Attack Mid' has the same ID of 0x0194!
16:49:49,875 WARN  XmlData         'Saguaro Cactus 1' and 'Heal' has the same ID of 0x0197!
16:49:49,882 WARN  XmlData         'Saguaro Cactus 2' and 'Magic Heal' has the same ID of 0x0198!
16:49:49,883 WARN  XmlData         'Saguaro Cactus 3' and 'Savage' has the same ID of 0x0199!
16:49:49,892 WARN  XmlData         'Small Saguaro Cactus 1' and 'Decoy' has the same ID of 0x019a!
16:49:49,898 WARN  XmlData         'Small Saguaro Cactus 2' and 'Rising Fury' has the same ID of 0x019b!
16:49:49,986 WARN  XmlData         0x3a8b and 0x39bd has the same name of SNN lWPFs!
16:49:50,012 WARN  XmlData         0x3b2a and 0x3b10 has the same name of SN CW!
16:49:50,016 WARN  XmlData         0x3b98 and 0x3b83 has the same name of SNS CW!
16:49:50,048 WARN  XmlData         0x3bf9 and 0x3be4 has the same name of SNN CW!
16:49:50,056 WARN  XmlData         0x3c7b and 0x3c66 has the same name of SNR CW!
16:49:50,147 WARN  XmlData         'TH Fat Bees' and 'TH Fat Bees' has the same ID of 0x0127!
16:49:50,153 WARN  XmlData         0x0127 and 0x0127 has the same name of TH Fat Bees!
16:49:50,256 WARN  XmlData         'Debug Spawn' and 'Debug Spawn' has the same ID of 0x4309!
16:49:50,260 WARN  XmlData         0x4309 and 0x4309 has the same name of Debug Spawn!
16:49:50,282 INFO  XmlData         Finish loading game data.
16:49:50,285 INFO  XmlData         2233 Items
16:49:50,290 INFO  XmlData         1361 Tiles
16:49:50,298 INFO  XmlData         4336 Objects
16:49:50,315 INFO  XmlData         35 Skins
16:49:50,332 INFO  XmlData         24 Equipment Sets
16:49:50,337 INFO  XmlData         16 Classes
16:49:50,346 INFO  XmlData         101 Portals
16:49:50,351 INFO  XmlData         4 Merchants
16:49:50,361 INFO  XmlData         164 Pets
16:49:50,379 INFO  XmlData         7 Remote Textures
16:49:50,382 INFO  XmlData         0 Additions
16:49:50,567 INFO  Resources       Loading web data...
16:49:50,881 INFO  Resources       Loading language data...
16:49:51,574 INFO  ISManager       Server's Id is 1a191fdb-c92e-44d9-8a1a-602326b11666
16:49:51,858 INFO  ISManager       AppEngine (Account, 1a191fdb-c92e-44d9-8a1a-602326b11666) joined the network.
16:49:52,022 INFO  Server          Listening at port 80...
16:50:00,352 INFO  ISManager       NAEast (World, 24e39201-10d5-402a-b36b-8da937ae7667) joined the network.
16:50:16,190 INFO  Server          Dispatching '/crossdomain.xml'@127.0.0.1
16:50:16,211 INFO  Server          Dispatching '/app/getLanguageStrings'@127.0.0.1
16:50:16,380 INFO  Server          Dispatching '/app/init'@127.0.0.1
16:50:16,409 INFO  Server          Dispatching '/app/getServerXmls'@127.0.0.1
16:50:16,457 INFO  Server          Dispatching '/char/list'@127.0.0.1
16:50:16,650 INFO  Server          Dispatching '/dailyLogin/fetchCalendar'@127.0.0.1
16:50:16,686 INFO  Server          Dispatching '/inGameNews/getNews'@127.0.0.1
16:50:16,710 INFO  Server          Dispatching '/app/globalNews'@127.0.0.1
16:50:16,802 INFO  Server          Dispatching '/mysterybox/getBoxes'@127.0.0.1
16:56:31,611 INFO  Server          Dispatching '/char/list'@127.0.0.1
16:56:31,634 INFO  Server          Dispatching '/dailyLogin/fetchCalendar'@127.0.0.1
18:33:27,546 INFO  Server          Dispatching '/app/globalNews'@127.0.0.1
18:37:57,427 INFO  Server          Dispatching '/crossdomain.xml'@127.0.0.1
18:37:57,433 INFO  Server          Dispatching '/app/getLanguageStrings'@127.0.0.1
18:37:57,483 INFO  Server          Dispatching '/app/init'@127.0.0.1
18:37:57,540 INFO  Server          Dispatching '/app/getServerXmls'@127.0.0.1
18:37:57,572 INFO  Server          Dispatching '/char/list'@127.0.0.1
18:37:57,604 INFO  Server          Dispatching '/dailyLogin/fetchCalendar'@127.0.0.1
18:37:57,636 INFO  Server          Dispatching '/inGameNews/getNews'@127.0.0.1
18:37:57,671 INFO  Server          Dispatching '/app/globalNews'@127.0.0.1
18:37:57,740 INFO  Server          Dispatching '/mysterybox/getBoxes'@127.0.0.1
18:40:35,532 INFO  Server          Dispatching '/app/globalNews'@127.0.0.1
21:06:42,860 INFO  XmlData         Loading xml data...
21:06:43,487 WARN  XmlData         0x8560 and 0x8567 has the same name of Moon Dark Tile!
21:06:43,490 WARN  XmlData         '1Crystal Graoundb1' and '1SnowGround1' has the same ID of 0x5579!
21:06:43,497 WARN  XmlData         'Gothic Rug' and 'Gothic Rug' has the same ID of 0x0049!
21:06:43,499 WARN  XmlData         0x0049 and 0x0049 has the same name of Gothic Rug!
21:06:43,534 WARN  XmlData         0x0065 and 0x0061 has the same name of Grey Circle!
21:06:43,650 WARN  XmlData         'Ice Tomb Attacker Statue' and 'Void anchor' has the same ID of 0x7fa9!
21:06:42,784 INFO  AppSettings     Loading app settings...
21:06:43,877 WARN  XmlData         'Lantern Flicker' and 'Lantern Flicker' has the same ID of 0xab55!
21:06:43,879 WARN  XmlData         0xab55 and 0xab55 has the same name of Lantern Flicker!
21:06:43,939 WARN  XmlData         'Nexus Anchor' and 'Royal Majesty Bolt2' has the same ID of 0x7412!
21:06:43,941 WARN  XmlData         'Nexus Chinese Dragon' and 'Haunted Shield' has the same ID of 0x7413!
21:06:44,040 WARN  XmlData         'Lil' Ghost Skin' and 'Carrot of Wisdom' has the same ID of 0x8031!
21:06:44,042 WARN  XmlData         'Baby Skin' and 'Carrot's Revenge' has the same ID of 0x8033!
21:06:44,048 WARN  XmlData         'Eagle Skin' and 'Planted Carrot' has the same ID of 0x8040!
21:06:44,050 WARN  XmlData         'Blue Landfish Skin' and 'Sealed Crystal Skull' has the same ID of 0x8078!
21:06:44,041 WARN  XmlData         'Spirit Skin' and 'Carrot's Revenge Basic' has the same ID of 0x8032!
21:06:44,053 WARN  XmlData         0x0197 and 0x0164 has the same name of Heal!
21:06:44,054 WARN  XmlData         0x019a and 0x0715 has the same name of Decoy!
21:06:44,125 WARN  XmlData         0x5461 and 0x7f60 has the same name of Elf!
21:06:44,182 WARN  XmlData         'Heavy Crossbow Bolt' and 'Infestation 2' has the same ID of 0x0001!
21:06:44,186 WARN  XmlData         'Red Fire' and 'Infestation 1' has the same ID of 0x0002!
21:06:44,192 WARN  XmlData         'Poison Katana Slash' and 'Poison Katana Slash' has the same ID of 0x217e!
21:06:44,196 WARN  XmlData         0x217e and 0x217e has the same name of Poison Katana Slash!
21:06:44,204 WARN  XmlData         0x738d and 0x5783 has the same name of BellaShot!
21:06:44,207 WARN  XmlData         0x738e and 0x5780 has the same name of BellaBerry!
21:06:44,210 WARN  XmlData         0x738f and 0x5782 has the same name of BellaPetal!
21:06:44,217 WARN  XmlData         0x740d and 0x5781 has the same name of BellaLeaf!
21:06:44,223 WARN  XmlData         'Void Star' and 'Void Star' has the same ID of 0x716e!
21:06:44,229 WARN  XmlData         0x716e and 0x716e has the same name of Void Star!
21:06:44,235 WARN  XmlData         'TH Stinger Large' and 'TH Stinger Large' has the same ID of 0x011e!
21:06:44,240 WARN  XmlData         0x011e and 0x011e has the same name of TH Stinger Large!
21:06:44,245 WARN  XmlData         'TH Stinger Small' and 'TH Stinger Small' has the same ID of 0x011f!
21:06:44,251 WARN  XmlData         0x011f and 0x011f has the same name of TH Stinger Small!
21:06:44,254 WARN  XmlData         'TH Honey Daze' and 'TH Honey Daze' has the same ID of 0xa233!
21:06:44,297 WARN  XmlData         0xa233 and 0xa233 has the same name of TH Honey Daze!
21:06:44,300 WARN  XmlData         'Dragon Arrow' and 'Dragon Arrow' has the same ID of 0x7fcc!
21:06:44,303 WARN  XmlData         0x7fcc and 0x7fcc has the same name of Dragon Arrow!
21:06:44,390 WARN  XmlData         0x31a2 and 0x319d has the same name of SW Catenae's shuriken large proj!
21:06:44,461 WARN  XmlData         'Brown Wall' and 'MagicHeal' has the same ID of 0x0170!
21:06:44,466 WARN  XmlData         'Broken Grey Pillar' and 'AttackMid' has the same ID of 0x0180!
21:06:44,469 WARN  XmlData         'Broken Purple Pillar' and 'AttackFar' has the same ID of 0x0181!
21:06:44,472 WARN  XmlData         'Broken Blue Pillar' and 'ElectricZap' has the same ID of 0x0182!
21:06:44,475 WARN  XmlData         'Broken Red Pillar' and 'PetSavage' has the same ID of 0x0183!
21:06:44,479 WARN  XmlData         'Cross' and 'PetDecoy' has the same ID of 0x0184!
21:06:44,484 WARN  XmlData         'Fir Tree 1' and 'PetRisingFury' has the same ID of 0x0185!
21:06:44,491 WARN  XmlData         'Cherry Tree' and 'Attack Mid' has the same ID of 0x0194!
21:06:44,492 WARN  XmlData         'Saguaro Cactus 1' and 'Heal' has the same ID of 0x0197!
21:06:44,505 WARN  XmlData         'Saguaro Cactus 2' and 'Magic Heal' has the same ID of 0x0198!
21:06:44,509 WARN  XmlData         'Saguaro Cactus 3' and 'Savage' has the same ID of 0x0199!
21:06:44,517 WARN  XmlData         'Small Saguaro Cactus 1' and 'Decoy' has the same ID of 0x019a!
21:06:44,548 WARN  XmlData         'Small Saguaro Cactus 2' and 'Rising Fury' has the same ID of 0x019b!
21:06:44,749 WARN  XmlData         0x3a8b and 0x39bd has the same name of SNN lWPFs!
21:06:44,865 WARN  XmlData         0x3b2a and 0x3b10 has the same name of SN CW!
21:06:44,871 WARN  XmlData         0x3b98 and 0x3b83 has the same name of SNS CW!
21:06:44,917 WARN  XmlData         0x3bf9 and 0x3be4 has the same name of SNN CW!
21:06:45,083 WARN  XmlData         'TH Fat Bees' and 'TH Fat Bees' has the same ID of 0x0127!
21:06:44,929 WARN  XmlData         0x3c7b and 0x3c66 has the same name of SNR CW!
21:06:45,114 WARN  XmlData         0x0127 and 0x0127 has the same name of TH Fat Bees!
21:06:45,367 WARN  XmlData         'Debug Spawn' and 'Debug Spawn' has the same ID of 0x4309!
21:06:45,380 WARN  XmlData         0x4309 and 0x4309 has the same name of Debug Spawn!
21:06:45,397 INFO  XmlData         Finish loading game data.
21:06:45,401 INFO  XmlData         2233 Items
21:06:45,404 INFO  XmlData         1361 Tiles
21:06:45,412 INFO  XmlData         4336 Objects
21:06:45,438 INFO  XmlData         35 Skins
21:06:45,445 INFO  XmlData         24 Equipment Sets
21:06:45,451 INFO  XmlData         16 Classes
21:06:45,472 INFO  XmlData         101 Portals
21:06:45,476 INFO  XmlData         4 Merchants
21:06:45,478 INFO  XmlData         164 Pets
21:06:45,481 INFO  XmlData         7 Remote Textures
21:06:45,484 INFO  XmlData         0 Additions
21:06:43,195 WARN  XmlData         'Castle of Dark Magic Portal' and 'Master Zemith's Hideout Key' has the same ID of 0x7b68!
21:06:43,274 WARN  XmlData         0x7833 and 0x7833 has the same name of Super Magic Mushroom!
21:06:43,269 WARN  XmlData         'Super Magic Mushroom' and 'Super Magic Mushroom' has the same ID of 0x7833!
21:06:45,634 INFO  Resources       Loading web data...
21:06:43,398 WARN  XmlData         'The Stone Revenant set' and 'Crystal Kunoichi Set' has the same skinType of 0x4b50!
21:06:43,394 WARN  XmlData         'Oryx's Battle Attires' and 'Oryx Awesome Set' has the same skinType of 0x0401!
21:06:43,458 WARN  XmlData         'SP Crystal Light Ground' and 'Abyss Troom Ground' has the same ID of 0x8590!
21:06:45,905 INFO  Resources       Loading language data...
21:06:46,586 INFO  ISManager       Server's Id is 99c54d1c-2d61-4a31-8bad-6981896d6fb4
21:06:46,861 INFO  ISManager       AppEngine (Account, 99c54d1c-2d61-4a31-8bad-6981896d6fb4) joined the network.
21:06:47,069 INFO  Server          Listening at port 80...
21:06:53,089 INFO  ISManager       NAEast (World, e64574ed-d1d3-4cf3-9087-c51b4d2a6e1f) joined the network.
21:07:25,046 INFO  ISManager       NAEast (World, e64574ed-d1d3-4cf3-9087-c51b4d2a6e1f) timed out.
21:50:51,128 INFO  XmlData         Loading xml data...
21:50:51,567 WARN  XmlData         0x8560 and 0x8567 has the same name of Moon Dark Tile!
21:50:51,571 WARN  XmlData         '1Crystal Graoundb1' and '1SnowGround1' has the same ID of 0x5579!
21:50:51,575 WARN  XmlData         'Gothic Rug' and 'Gothic Rug' has the same ID of 0x0049!
21:50:51,576 WARN  XmlData         0x0049 and 0x0049 has the same name of Gothic Rug!
21:50:51,580 WARN  XmlData         0x0065 and 0x0061 has the same name of Grey Circle!
21:50:51,615 WARN  XmlData         'Ice Tomb Attacker Statue' and 'Void anchor' has the same ID of 0x7fa9!
21:50:51,664 WARN  XmlData         'Lantern Flicker' and 'Lantern Flicker' has the same ID of 0xab55!
21:50:51,665 WARN  XmlData         0xab55 and 0xab55 has the same name of Lantern Flicker!
21:50:51,681 WARN  XmlData         'Nexus Anchor' and 'Royal Majesty Bolt2' has the same ID of 0x7412!
21:50:51,682 WARN  XmlData         'Nexus Chinese Dragon' and 'Haunted Shield' has the same ID of 0x7413!
21:50:51,768 WARN  XmlData         'Lil' Ghost Skin' and 'Carrot of Wisdom' has the same ID of 0x8031!
21:50:51,769 WARN  XmlData         'Spirit Skin' and 'Carrot's Revenge Basic' has the same ID of 0x8032!
21:50:51,770 WARN  XmlData         'Baby Skin' and 'Carrot's Revenge' has the same ID of 0x8033!
21:50:51,771 WARN  XmlData         'Eagle Skin' and 'Planted Carrot' has the same ID of 0x8040!
21:50:51,772 WARN  XmlData         'Blue Landfish Skin' and 'Sealed Crystal Skull' has the same ID of 0x8078!
21:50:51,774 WARN  XmlData         0x0197 and 0x0164 has the same name of Heal!
21:50:51,775 WARN  XmlData         0x019a and 0x0715 has the same name of Decoy!
21:50:51,816 WARN  XmlData         0x5461 and 0x7f60 has the same name of Elf!
21:50:51,865 WARN  XmlData         'Heavy Crossbow Bolt' and 'Infestation 2' has the same ID of 0x0001!
21:50:51,866 WARN  XmlData         'Red Fire' and 'Infestation 1' has the same ID of 0x0002!
21:50:51,876 WARN  XmlData         'Poison Katana Slash' and 'Poison Katana Slash' has the same ID of 0x217e!
21:50:51,881 WARN  XmlData         0x217e and 0x217e has the same name of Poison Katana Slash!
21:50:51,884 WARN  XmlData         0x738d and 0x5783 has the same name of BellaShot!
21:50:51,888 WARN  XmlData         0x738e and 0x5780 has the same name of BellaBerry!
21:50:51,895 WARN  XmlData         0x738f and 0x5782 has the same name of BellaPetal!
21:50:51,898 WARN  XmlData         0x740d and 0x5781 has the same name of BellaLeaf!
21:50:51,901 WARN  XmlData         'Void Star' and 'Void Star' has the same ID of 0x716e!
21:50:51,902 WARN  XmlData         0x716e and 0x716e has the same name of Void Star!
21:50:51,908 WARN  XmlData         'TH Stinger Large' and 'TH Stinger Large' has the same ID of 0x011e!
21:50:51,911 WARN  XmlData         0x011e and 0x011e has the same name of TH Stinger Large!
21:50:51,913 WARN  XmlData         'TH Stinger Small' and 'TH Stinger Small' has the same ID of 0x011f!
21:50:51,916 WARN  XmlData         0x011f and 0x011f has the same name of TH Stinger Small!
21:50:51,920 WARN  XmlData         'TH Honey Daze' and 'TH Honey Daze' has the same ID of 0xa233!
21:50:51,922 WARN  XmlData         0xa233 and 0xa233 has the same name of TH Honey Daze!
21:50:51,928 WARN  XmlData         'Dragon Arrow' and 'Dragon Arrow' has the same ID of 0x7fcc!
21:50:51,930 WARN  XmlData         0x7fcc and 0x7fcc has the same name of Dragon Arrow!
21:50:52,023 WARN  XmlData         0x31a2 and 0x319d has the same name of SW Catenae's shuriken large proj!
21:50:52,094 WARN  XmlData         'Brown Wall' and 'MagicHeal' has the same ID of 0x0170!
21:50:52,097 WARN  XmlData         'Broken Grey Pillar' and 'AttackMid' has the same ID of 0x0180!
21:50:52,100 WARN  XmlData         'Broken Purple Pillar' and 'AttackFar' has the same ID of 0x0181!
21:50:52,102 WARN  XmlData         'Broken Blue Pillar' and 'ElectricZap' has the same ID of 0x0182!
21:50:52,104 WARN  XmlData         'Broken Red Pillar' and 'PetSavage' has the same ID of 0x0183!
21:50:52,108 WARN  XmlData         'Cross' and 'PetDecoy' has the same ID of 0x0184!
21:50:52,112 WARN  XmlData         'Fir Tree 1' and 'PetRisingFury' has the same ID of 0x0185!
21:50:52,115 WARN  XmlData         'Cherry Tree' and 'Attack Mid' has the same ID of 0x0194!
21:50:52,117 WARN  XmlData         'Saguaro Cactus 1' and 'Heal' has the same ID of 0x0197!
21:50:52,119 WARN  XmlData         'Saguaro Cactus 2' and 'Magic Heal' has the same ID of 0x0198!
21:50:52,121 WARN  XmlData         'Saguaro Cactus 3' and 'Savage' has the same ID of 0x0199!
21:50:52,122 WARN  XmlData         'Small Saguaro Cactus 1' and 'Decoy' has the same ID of 0x019a!
21:50:52,128 WARN  XmlData         'Small Saguaro Cactus 2' and 'Rising Fury' has the same ID of 0x019b!
21:50:52,191 WARN  XmlData         0x3a8b and 0x39bd has the same name of SNN lWPFs!
21:50:52,225 WARN  XmlData         0x3b2a and 0x3b10 has the same name of SN CW!
21:50:52,230 WARN  XmlData         0x3b98 and 0x3b83 has the same name of SNS CW!
21:50:52,240 WARN  XmlData         0x3c7b and 0x3c66 has the same name of SNR CW!
21:50:52,233 WARN  XmlData         0x3bf9 and 0x3be4 has the same name of SNN CW!
21:50:52,319 WARN  XmlData         'TH Fat Bees' and 'TH Fat Bees' has the same ID of 0x0127!
21:50:52,322 WARN  XmlData         0x0127 and 0x0127 has the same name of TH Fat Bees!
21:50:52,383 WARN  XmlData         'Debug Spawn' and 'Debug Spawn' has the same ID of 0x4309!
21:50:52,386 WARN  XmlData         0x4309 and 0x4309 has the same name of Debug Spawn!
21:50:52,401 INFO  XmlData         Finish loading game data.
21:50:52,404 INFO  XmlData         2233 Items
21:50:52,406 INFO  XmlData         1361 Tiles
21:50:52,410 INFO  XmlData         4336 Objects
21:50:52,413 INFO  XmlData         35 Skins
21:50:52,414 INFO  XmlData         24 Equipment Sets
21:50:52,417 INFO  XmlData         16 Classes
21:50:52,420 INFO  XmlData         101 Portals
21:50:52,425 INFO  XmlData         4 Merchants
21:50:51,079 INFO  AppSettings     Loading app settings...
21:50:52,427 INFO  XmlData         164 Pets
21:50:52,430 INFO  XmlData         7 Remote Textures
21:50:52,464 INFO  Resources       Loading web data...
21:50:52,432 INFO  XmlData         0 Additions
21:50:52,730 INFO  Resources       Loading language data...
21:50:51,455 WARN  XmlData         0x7833 and 0x7833 has the same name of Super Magic Mushroom!
21:50:53,751 INFO  ISManager       Server's Id is 19dac41c-10cc-4ad5-8bb3-c52eb0519776
21:50:51,553 WARN  XmlData         'The Stone Revenant set' and 'Crystal Kunoichi Set' has the same skinType of 0x4b50!
21:50:51,453 WARN  XmlData         'Super Magic Mushroom' and 'Super Magic Mushroom' has the same ID of 0x7833!
21:50:51,382 WARN  XmlData         'Castle of Dark Magic Portal' and 'Master Zemith's Hideout Key' has the same ID of 0x7b68!
21:50:51,566 WARN  XmlData         'SP Crystal Light Ground' and 'Abyss Troom Ground' has the same ID of 0x8590!
21:50:53,951 INFO  ISManager       AppEngine (Account, 19dac41c-10cc-4ad5-8bb3-c52eb0519776) joined the network.
21:50:51,550 WARN  XmlData         'Oryx's Battle Attires' and 'Oryx Awesome Set' has the same skinType of 0x0401!
21:50:54,060 INFO  Server          Listening at port 80...
21:50:56,080 INFO  ISManager       NAEast (World, 239c4c80-46d1-4dc2-8cc7-b84d019418fe) joined the network.
16:18:46,575 WARN  XmlData         'SP Crystal Light Ground' and 'Abyss Troom Ground' has the same ID of 0x8590!
16:18:46,516 WARN  XmlData         0x7833 and 0x7833 has the same name of Super Magic Mushroom!
16:18:46,616 WARN  XmlData         'Ice Tomb Attacker Statue' and 'Void anchor' has the same ID of 0x7fa9!
16:18:46,576 WARN  XmlData         0x8560 and 0x8567 has the same name of Moon Dark Tile!
16:18:46,631 WARN  XmlData         'Lantern Flicker' and 'Lantern Flicker' has the same ID of 0xab55!
16:18:46,558 WARN  XmlData         'Oryx's Battle Attires' and 'Oryx Awesome Set' has the same skinType of 0x0401!
16:18:46,650 WARN  XmlData         0xab55 and 0xab55 has the same name of Lantern Flicker!
16:18:46,577 WARN  XmlData         '1Crystal Graoundb1' and '1SnowGround1' has the same ID of 0x5579!
16:18:46,656 WARN  XmlData         'Nexus Anchor' and 'Royal Majesty Bolt2' has the same ID of 0x7412!
16:18:46,657 WARN  XmlData         'Nexus Chinese Dragon' and 'Haunted Shield' has the same ID of 0x7413!
16:18:46,687 WARN  XmlData         'Lil' Ghost Skin' and 'Carrot of Wisdom' has the same ID of 0x8031!
16:18:46,602 WARN  XmlData         'Gothic Rug' and 'Gothic Rug' has the same ID of 0x0049!
16:18:46,688 WARN  XmlData         'Spirit Skin' and 'Carrot's Revenge Basic' has the same ID of 0x8032!
16:18:46,689 WARN  XmlData         'Baby Skin' and 'Carrot's Revenge' has the same ID of 0x8033!
16:18:46,690 WARN  XmlData         'Eagle Skin' and 'Planted Carrot' has the same ID of 0x8040!
16:18:46,691 WARN  XmlData         'Blue Landfish Skin' and 'Sealed Crystal Skull' has the same ID of 0x8078!
16:18:46,693 WARN  XmlData         0x0197 and 0x0164 has the same name of Heal!
16:18:46,694 WARN  XmlData         0x019a and 0x0715 has the same name of Decoy!
16:18:46,710 WARN  XmlData         0x5461 and 0x7f60 has the same name of Elf!
16:18:46,716 WARN  XmlData         'Heavy Crossbow Bolt' and 'Infestation 2' has the same ID of 0x0001!
16:18:46,717 WARN  XmlData         'Red Fire' and 'Infestation 1' has the same ID of 0x0002!
16:18:46,721 WARN  XmlData         'Poison Katana Slash' and 'Poison Katana Slash' has the same ID of 0x217e!
16:18:46,727 WARN  XmlData         0x217e and 0x217e has the same name of Poison Katana Slash!
16:18:46,729 WARN  XmlData         0x738d and 0x5783 has the same name of BellaShot!
16:18:46,733 WARN  XmlData         0x738e and 0x5780 has the same name of BellaBerry!
16:18:46,603 WARN  XmlData         0x0049 and 0x0049 has the same name of Gothic Rug!
16:18:46,736 WARN  XmlData         0x738f and 0x5782 has the same name of BellaPetal!
16:18:46,737 WARN  XmlData         0x740d and 0x5781 has the same name of BellaLeaf!
16:18:46,739 WARN  XmlData         'Void Star' and 'Void Star' has the same ID of 0x716e!
16:18:46,745 WARN  XmlData         0x716e and 0x716e has the same name of Void Star!
16:18:46,746 WARN  XmlData         'TH Stinger Large' and 'TH Stinger Large' has the same ID of 0x011e!
16:18:46,748 WARN  XmlData         0x011e and 0x011e has the same name of TH Stinger Large!
16:18:46,749 WARN  XmlData         'TH Stinger Small' and 'TH Stinger Small' has the same ID of 0x011f!
16:18:46,752 WARN  XmlData         0x011f and 0x011f has the same name of TH Stinger Small!
16:18:46,753 WARN  XmlData         'TH Honey Daze' and 'TH Honey Daze' has the same ID of 0xa233!
16:18:46,759 WARN  XmlData         0xa233 and 0xa233 has the same name of TH Honey Daze!
16:18:46,762 WARN  XmlData         'Dragon Arrow' and 'Dragon Arrow' has the same ID of 0x7fcc!
16:18:46,763 WARN  XmlData         0x7fcc and 0x7fcc has the same name of Dragon Arrow!
16:18:46,773 WARN  XmlData         0x31a2 and 0x319d has the same name of SW Catenae's shuriken large proj!
16:18:46,789 WARN  XmlData         'Brown Wall' and 'MagicHeal' has the same ID of 0x0170!
16:18:46,792 WARN  XmlData         'Broken Grey Pillar' and 'AttackMid' has the same ID of 0x0180!
16:18:46,794 WARN  XmlData         'Broken Purple Pillar' and 'AttackFar' has the same ID of 0x0181!
16:18:46,796 WARN  XmlData         'Broken Blue Pillar' and 'ElectricZap' has the same ID of 0x0182!
16:18:46,798 WARN  XmlData         'Broken Red Pillar' and 'PetSavage' has the same ID of 0x0183!
16:18:46,801 WARN  XmlData         'Cross' and 'PetDecoy' has the same ID of 0x0184!
16:18:46,802 WARN  XmlData         'Fir Tree 1' and 'PetRisingFury' has the same ID of 0x0185!
16:18:46,804 WARN  XmlData         'Cherry Tree' and 'Attack Mid' has the same ID of 0x0194!
16:18:46,805 WARN  XmlData         'Saguaro Cactus 1' and 'Heal' has the same ID of 0x0197!
16:18:46,806 WARN  XmlData         'Saguaro Cactus 2' and 'Magic Heal' has the same ID of 0x0198!
16:18:46,808 WARN  XmlData         'Saguaro Cactus 3' and 'Savage' has the same ID of 0x0199!
16:18:46,811 WARN  XmlData         'Small Saguaro Cactus 1' and 'Decoy' has the same ID of 0x019a!
16:18:46,813 WARN  XmlData         'Small Saguaro Cactus 2' and 'Rising Fury' has the same ID of 0x019b!
16:18:46,825 WARN  XmlData         0x3a8b and 0x39bd has the same name of SNN lWPFs!
16:18:46,834 WARN  XmlData         0x3b2a and 0x3b10 has the same name of SN CW!
16:18:46,836 WARN  XmlData         0x3b98 and 0x3b83 has the same name of SNS CW!
16:18:46,839 WARN  XmlData         0x3bf9 and 0x3be4 has the same name of SNN CW!
16:18:46,842 WARN  XmlData         0x3c7b and 0x3c66 has the same name of SNR CW!
16:18:46,859 WARN  XmlData         'TH Fat Bees' and 'TH Fat Bees' has the same ID of 0x0127!
16:18:46,868 WARN  XmlData         0x0127 and 0x0127 has the same name of TH Fat Bees!
16:18:46,880 WARN  XmlData         'Debug Spawn' and 'Debug Spawn' has the same ID of 0x4309!
16:18:46,883 WARN  XmlData         0x4309 and 0x4309 has the same name of Debug Spawn!
16:18:46,886 INFO  XmlData         Finish loading game data.
16:18:46,887 INFO  XmlData         2233 Items
16:18:46,889 INFO  XmlData         1361 Tiles
16:18:46,892 INFO  XmlData         35 Skins
16:18:46,894 INFO  XmlData         24 Equipment Sets
16:18:46,896 INFO  XmlData         16 Classes
16:18:46,898 INFO  XmlData         101 Portals
16:18:46,900 INFO  XmlData         4 Merchants
16:18:46,903 INFO  XmlData         164 Pets
16:18:46,890 INFO  XmlData         4336 Objects
16:18:46,904 INFO  XmlData         7 Remote Textures
16:18:46,905 INFO  XmlData         0 Additions
16:18:46,916 INFO  Resources       Loading web data...
16:18:46,945 INFO  Resources       Loading language data...
16:18:46,561 WARN  XmlData         'The Stone Revenant set' and 'Crystal Kunoichi Set' has the same skinType of 0x4b50!
16:18:51,868 INFO  ISManager       Server's Id is fcb38044-4098-4186-9e5b-86a5c915f4a8
16:18:51,986 INFO  ISManager       Galactic Conquest (World, b8b8eacd-e260-4a7e-8b2a-f6b594dd3a70) joined the network.
16:18:51,989 INFO  ISManager       AppEngine (Account, fcb38044-4098-4186-9e5b-86a5c915f4a8) joined the network.
16:18:46,604 WARN  XmlData         0x0065 and 0x0061 has the same name of Grey Circle!
16:18:52,457 INFO  Server          Listening at port 80...
16:21:48,850 INFO  Server          Dispatching '/crossdomain.xml'@73.9.186.44
16:21:48,895 INFO  Server          Dispatching '/app/getLanguageStrings'@73.9.186.44
16:21:49,130 INFO  Server          Dispatching '/app/init'@73.9.186.44
16:21:49,167 INFO  Server          Dispatching '/app/getServerXmls'@73.9.186.44
16:21:49,197 INFO  Server          Dispatching '/char/list'@73.9.186.44
16:21:49,387 INFO  Server          Dispatching '/dailyLogin/fetchCalendar'@73.9.186.44
16:21:49,416 INFO  Server          Dispatching '/inGameNews/getNews'@73.9.186.44
16:21:49,464 INFO  Server          Dispatching '/app/globalNews'@73.9.186.44
16:21:49,532 INFO  Server          Dispatching '/mysterybox/getBoxes'@73.9.186.44
16:23:52,067 INFO  Server          Dispatching '/char/list'@73.9.186.44
16:23:52,107 INFO  Server          Dispatching '/dailyLogin/fetchCalendar'@73.9.186.44
16:24:04,472 INFO  Server          Dispatching '/app/getLanguageStrings'@73.9.186.44
16:24:04,618 INFO  Server          Dispatching '/app/init'@73.9.186.44
16:24:04,664 INFO  Server          Dispatching '/app/getServerXmls'@73.9.186.44
16:24:04,699 INFO  Server          Dispatching '/char/list'@73.9.186.44
16:24:04,773 INFO  Server          Dispatching '/dailyLogin/fetchCalendar'@73.9.186.44
16:24:04,810 INFO  Server          Dispatching '/inGameNews/getNews'@73.9.186.44
16:24:04,857 INFO  Server          Dispatching '/app/globalNews'@73.9.186.44
16:24:05,005 INFO  Server          Dispatching '/mysterybox/getBoxes'@73.9.186.44
16:24:11,962 INFO  Server          Dispatching '/account/verify'@73.9.186.44
16:24:11,997 INFO  Server          Dispatching '/package/getPackages'@73.9.186.44
16:24:12,026 INFO  Server          Dispatching '/char/list'@73.9.186.44
16:24:12,052 INFO  Server          Dispatching '/mysterybox/getBoxes'@73.9.186.44
16:24:12,057 INFO  Server          Dispatching '/dailyLogin/fetchCalendar'@73.9.186.44
16:27:07,702 INFO  Server          Dispatching '/char/list'@73.9.186.44
16:27:07,745 INFO  Server          Dispatching '/dailyLogin/fetchCalendar'@73.9.186.44
16:27:57,582 INFO  Server          Dispatching '/'@80.82.77.192
16:35:41,182 INFO  Server          Dispatching '/app/getLanguageStrings'@73.9.186.44
16:35:41,334 INFO  Server          Dispatching '/app/init'@73.9.186.44
16:35:41,396 INFO  Server          Dispatching '/app/getServerXmls'@73.9.186.44
16:35:41,457 INFO  Server          Dispatching '/char/list'@73.9.186.44
16:35:41,510 INFO  Server          Dispatching '/dailyLogin/fetchCalendar'@73.9.186.44
16:35:41,550 INFO  Server          Dispatching '/inGameNews/getNews'@73.9.186.44
16:35:41,604 INFO  Server          Dispatching '/app/globalNews'@73.9.186.44
16:35:41,743 INFO  Server          Dispatching '/mysterybox/getBoxes'@73.9.186.44
16:35:51,345 INFO  Server          Dispatching '/account/verify'@73.9.186.44
16:35:51,406 INFO  Server          Dispatching '/package/getPackages'@73.9.186.44
16:35:51,436 INFO  Server          Dispatching '/char/list'@73.9.186.44
16:35:51,468 INFO  Server          Dispatching '/mysterybox/getBoxes'@73.9.186.44
16:35:51,470 INFO  Server          Dispatching '/dailyLogin/fetchCalendar'@73.9.186.44
16:36:04,449 INFO  Server          Dispatching '/char/list'@73.9.186.44
16:36:04,523 INFO  Server          Dispatching '/dailyLogin/fetchCalendar'@73.9.186.44
16:36:06,542 INFO  Server          Dispatching '/app/globalNews'@73.9.186.44
16:36:14,317 INFO  Server          Dispatching '/char/list'@73.9.186.44
16:36:14,368 INFO  Server          Dispatching '/dailyLogin/fetchCalendar'@73.9.186.44
16:36:16,090 INFO  Server          Dispatching '/app/globalNews'@73.9.186.44
16:37:23,212 INFO  Server          Dispatching '/crossdomain.xml'@73.9.186.44
16:37:23,238 INFO  Server          Dispatching '/app/getLanguageStrings'@73.9.186.44
16:37:23,375 INFO  Server          Dispatching '/app/init'@73.9.186.44
16:37:23,406 INFO  Server          Dispatching '/app/getServerXmls'@73.9.186.44
16:37:23,436 INFO  Server          Dispatching '/char/list'@73.9.186.44
16:37:23,480 INFO  Server          Dispatching '/dailyLogin/fetchCalendar'@73.9.186.44
16:37:23,518 INFO  Server          Dispatching '/inGameNews/getNews'@73.9.186.44
16:37:23,549 INFO  Server          Dispatching '/app/globalNews'@73.9.186.44
16:37:23,635 INFO  Server          Dispatching '/mysterybox/getBoxes'@73.9.186.44
16:37:30,196 INFO  Server          Dispatching '/account/verify'@73.9.186.44
16:37:30,232 INFO  Server          Dispatching '/package/getPackages'@73.9.186.44
16:37:30,263 INFO  Server          Dispatching '/mysterybox/getBoxes'@73.9.186.44
16:37:30,289 INFO  Server          Dispatching '/char/list'@73.9.186.44
16:37:30,325 INFO  Server          Dispatching '/dailyLogin/fetchCalendar'@73.9.186.44
16:37:40,438 INFO  Server          Dispatching '/char/list'@73.9.186.44
16:37:40,477 INFO  Server          Dispatching '/dailyLogin/fetchCalendar'@73.9.186.44
16:37:42,305 INFO  Server          Dispatching '/app/globalNews'@73.9.186.44
16:39:36,597 INFO  AppSettings     Loading app settings...
16:39:37,118 WARN  XmlData         'Oryx's Battle Attires' and 'Oryx Awesome Set' has the same skinType of 0x0401!
16:39:37,119 WARN  XmlData         'The Stone Revenant set' and 'Crystal Kunoichi Set' has the same skinType of 0x4b50!
16:39:37,161 WARN  XmlData         'SP Crystal Light Ground' and 'Abyss Troom Ground' has the same ID of 0x8590!
16:39:37,163 WARN  XmlData         0x8560 and 0x8567 has the same name of Moon Dark Tile!
16:39:37,164 WARN  XmlData         '1Crystal Graoundb1' and '1SnowGround1' has the same ID of 0x5579!
16:39:37,165 WARN  XmlData         'Gothic Rug' and 'Gothic Rug' has the same ID of 0x0049!
16:39:37,167 WARN  XmlData         0x0049 and 0x0049 has the same name of Gothic Rug!
16:39:37,167 WARN  XmlData         0x0065 and 0x0061 has the same name of Grey Circle!
16:39:37,233 WARN  XmlData         'Ice Tomb Attacker Statue' and 'Void anchor' has the same ID of 0x7fa9!
16:39:37,360 WARN  XmlData         'Lantern Flicker' and 'Lantern Flicker' has the same ID of 0xab55!
16:39:37,362 WARN  XmlData         0xab55 and 0xab55 has the same name of Lantern Flicker!
16:39:37,397 WARN  XmlData         'Nexus Anchor' and 'Royal Majesty Bolt2' has the same ID of 0x7412!
16:39:37,398 WARN  XmlData         'Nexus Chinese Dragon' and 'Haunted Shield' has the same ID of 0x7413!
16:39:37,483 WARN  XmlData         'Lil' Ghost Skin' and 'Carrot of Wisdom' has the same ID of 0x8031!
16:39:36,638 INFO  XmlData         Loading xml data...
16:39:37,484 WARN  XmlData         'Spirit Skin' and 'Carrot's Revenge Basic' has the same ID of 0x8032!
16:39:37,485 WARN  XmlData         'Baby Skin' and 'Carrot's Revenge' has the same ID of 0x8033!
16:39:37,485 WARN  XmlData         'Eagle Skin' and 'Planted Carrot' has the same ID of 0x8040!
16:39:37,487 WARN  XmlData         'Blue Landfish Skin' and 'Sealed Crystal Skull' has the same ID of 0x8078!
16:39:37,488 WARN  XmlData         0x0197 and 0x0164 has the same name of Heal!
16:39:37,488 WARN  XmlData         0x019a and 0x0715 has the same name of Decoy!
16:39:37,573 WARN  XmlData         'Heavy Crossbow Bolt' and 'Infestation 2' has the same ID of 0x0001!
16:39:37,526 WARN  XmlData         0x5461 and 0x7f60 has the same name of Elf!
16:39:37,575 WARN  XmlData         'Red Fire' and 'Infestation 1' has the same ID of 0x0002!
16:39:37,578 WARN  XmlData         'Poison Katana Slash' and 'Poison Katana Slash' has the same ID of 0x217e!
16:39:37,581 WARN  XmlData         0x217e and 0x217e has the same name of Poison Katana Slash!
16:39:37,587 WARN  XmlData         0x738d and 0x5783 has the same name of BellaShot!
16:39:37,589 WARN  XmlData         0x738e and 0x5780 has the same name of BellaBerry!
16:39:37,593 WARN  XmlData         0x740d and 0x5781 has the same name of BellaLeaf!
16:39:37,590 WARN  XmlData         0x738f and 0x5782 has the same name of BellaPetal!
16:39:37,600 WARN  XmlData         'Void Star' and 'Void Star' has the same ID of 0x716e!
16:39:37,610 WARN  XmlData         'TH Stinger Large' and 'TH Stinger Large' has the same ID of 0x011e!
16:39:37,600 WARN  XmlData         0x716e and 0x716e has the same name of Void Star!
16:39:37,612 WARN  XmlData         0x011e and 0x011e has the same name of TH Stinger Large!
16:39:37,614 WARN  XmlData         'TH Stinger Small' and 'TH Stinger Small' has the same ID of 0x011f!
16:39:37,618 WARN  XmlData         0x011f and 0x011f has the same name of TH Stinger Small!
16:39:37,627 WARN  XmlData         'TH Honey Daze' and 'TH Honey Daze' has the same ID of 0xa233!
16:39:37,628 WARN  XmlData         0xa233 and 0xa233 has the same name of TH Honey Daze!
16:39:37,633 WARN  XmlData         'Dragon Arrow' and 'Dragon Arrow' has the same ID of 0x7fcc!
16:39:37,634 WARN  XmlData         0x7fcc and 0x7fcc has the same name of Dragon Arrow!
16:39:37,695 WARN  XmlData         0x31a2 and 0x319d has the same name of SW Catenae's shuriken large proj!
16:39:37,751 WARN  XmlData         'Brown Wall' and 'MagicHeal' has the same ID of 0x0170!
16:39:37,758 WARN  XmlData         'Broken Grey Pillar' and 'AttackMid' has the same ID of 0x0180!
16:39:37,769 WARN  XmlData         'Broken Purple Pillar' and 'AttackFar' has the same ID of 0x0181!
16:39:37,774 WARN  XmlData         'Broken Blue Pillar' and 'ElectricZap' has the same ID of 0x0182!
16:39:37,785 WARN  XmlData         'Broken Red Pillar' and 'PetSavage' has the same ID of 0x0183!
16:39:37,787 WARN  XmlData         'Cross' and 'PetDecoy' has the same ID of 0x0184!
16:39:37,790 WARN  XmlData         'Fir Tree 1' and 'PetRisingFury' has the same ID of 0x0185!
16:39:37,799 WARN  XmlData         'Cherry Tree' and 'Attack Mid' has the same ID of 0x0194!
16:39:37,805 WARN  XmlData         'Saguaro Cactus 1' and 'Heal' has the same ID of 0x0197!
16:39:37,816 WARN  XmlData         'Saguaro Cactus 2' and 'Magic Heal' has the same ID of 0x0198!
16:39:37,820 WARN  XmlData         'Saguaro Cactus 3' and 'Savage' has the same ID of 0x0199!
16:39:37,833 WARN  XmlData         'Small Saguaro Cactus 1' and 'Decoy' has the same ID of 0x019a!
16:39:37,835 WARN  XmlData         'Small Saguaro Cactus 2' and 'Rising Fury' has the same ID of 0x019b!
16:39:37,876 WARN  XmlData         0x3a8b and 0x39bd has the same name of SNN lWPFs!
16:39:37,977 WARN  XmlData         0x3b2a and 0x3b10 has the same name of SN CW!
16:39:37,983 WARN  XmlData         0x3b98 and 0x3b83 has the same name of SNS CW!
16:39:37,988 WARN  XmlData         0x3bf9 and 0x3be4 has the same name of SNN CW!
16:39:37,992 WARN  XmlData         0x3c7b and 0x3c66 has the same name of SNR CW!
16:39:37,044 WARN  XmlData         'Castle of Dark Magic Portal' and 'Master Zemith's Hideout Key' has the same ID of 0x7b68!
16:39:38,048 WARN  XmlData         'TH Fat Bees' and 'TH Fat Bees' has the same ID of 0x0127!
16:39:38,062 WARN  XmlData         0x0127 and 0x0127 has the same name of TH Fat Bees!
16:39:37,069 WARN  XmlData         'Super Magic Mushroom' and 'Super Magic Mushroom' has the same ID of 0x7833!
16:39:38,142 WARN  XmlData         'Debug Spawn' and 'Debug Spawn' has the same ID of 0x4309!
16:39:38,149 WARN  XmlData         0x4309 and 0x4309 has the same name of Debug Spawn!
16:39:38,163 INFO  XmlData         Finish loading game data.
16:39:38,170 INFO  XmlData         2233 Items
16:39:38,173 INFO  XmlData         1361 Tiles
16:39:38,176 INFO  XmlData         4336 Objects
16:39:38,185 INFO  XmlData         35 Skins
16:39:38,190 INFO  XmlData         24 Equipment Sets
16:39:38,196 INFO  XmlData         16 Classes
16:39:38,206 INFO  XmlData         101 Portals
16:39:38,209 INFO  XmlData         4 Merchants
16:39:38,221 INFO  XmlData         164 Pets
16:39:38,232 INFO  XmlData         7 Remote Textures
16:39:38,241 INFO  XmlData         0 Additions
16:39:38,373 INFO  Resources       Loading web data...
16:39:37,071 WARN  XmlData         0x7833 and 0x7833 has the same name of Super Magic Mushroom!
16:39:38,702 INFO  Resources       Loading language data...
16:39:38,946 INFO  ISManager       Server's Id is 6f767ec6-7a8d-40c0-b59b-b9a8e0a1af14
16:39:39,063 INFO  ISManager       AppEngine (Account, 6f767ec6-7a8d-40c0-b59b-b9a8e0a1af14) joined the network.
16:39:39,223 INFO  Server          Listening at port 80...
16:39:43,475 INFO  ISManager       Galactic Conquest (World, 49dbca08-9d8c-4d0b-9d4f-d1f342d68ae6) joined the network.
16:39:57,425 INFO  Server          Dispatching '/crossdomain.xml'@73.9.186.44
16:39:57,488 INFO  Server          Dispatching '/app/getLanguageStrings'@73.9.186.44
16:40:01,495 INFO  Server          Dispatching '/app/init'@73.9.186.44
16:40:01,530 INFO  Server          Dispatching '/app/getServerXmls'@73.9.186.44
16:40:01,592 INFO  Server          Dispatching '/char/list'@73.9.186.44
16:40:02,888 INFO  Server          Dispatching '/dailyLogin/fetchCalendar'@73.9.186.44
16:40:02,924 INFO  Server          Dispatching '/inGameNews/getNews'@73.9.186.44
16:40:02,966 INFO  Server          Dispatching '/app/globalNews'@73.9.186.44
16:40:03,071 INFO  Server          Dispatching '/mysterybox/getBoxes'@73.9.186.44
16:44:54,544 INFO  Server          Dispatching '/crossdomain.xml'@73.9.186.44
16:44:54,714 INFO  Server          Dispatching '/app/getLanguageStrings'@73.9.186.44
16:44:54,866 INFO  Server          Dispatching '/app/init'@73.9.186.44
16:44:54,917 INFO  Server          Dispatching '/app/getServerXmls'@73.9.186.44
16:44:54,958 INFO  Server          Dispatching '/char/list'@73.9.186.44
16:44:55,107 INFO  Server          Dispatching '/dailyLogin/fetchCalendar'@73.9.186.44
16:44:55,162 INFO  Server          Dispatching '/inGameNews/getNews'@73.9.186.44
16:44:55,195 INFO  Server          Dispatching '/app/globalNews'@73.9.186.44
16:44:55,272 INFO  Server          Dispatching '/mysterybox/getBoxes'@73.9.186.44
16:45:03,349 INFO  Server          Dispatching '/account/verify'@73.9.186.44
16:45:03,642 INFO  Server          Dispatching '/package/getPackages'@73.9.186.44
16:45:03,689 INFO  Server          Dispatching '/char/list'@73.9.186.44
16:45:03,835 INFO  Server          Dispatching '/mysterybox/getBoxes'@73.9.186.44
16:45:03,867 INFO  Server          Dispatching '/dailyLogin/fetchCalendar'@73.9.186.44
17:06:47,505 INFO  Server          Dispatching '/crossdomain.xml'@37.143.193.198
17:06:47,992 INFO  Server          Dispatching '/app/getLanguageStrings'@37.143.193.198
17:06:48,735 INFO  Server          Dispatching '/app/init'@37.143.193.198
17:06:49,040 INFO  Server          Dispatching '/app/getServerXmls'@37.143.193.198
17:06:49,458 INFO  Server          Dispatching '/char/list'@37.143.193.198
17:06:50,053 INFO  Server          Dispatching '/dailyLogin/fetchCalendar'@37.143.193.198
17:06:50,270 INFO  Server          Dispatching '/inGameNews/getNews'@37.143.193.198
17:06:50,438 INFO  Server          Dispatching '/app/globalNews'@37.143.193.198
17:06:50,701 INFO  Server          Dispatching '/mysterybox/getBoxes'@37.143.193.198
17:07:06,629 INFO  Server          Dispatching '/account/register'@37.143.193.198
17:07:14,251 INFO  Server          Dispatching '/account/setName'@37.143.193.198
17:11:43,624 INFO  Server          Dispatching '/'@61.147.15.67
17:12:26,613 INFO  Server          Dispatching '/'@61.147.15.67
17:12:47,817 INFO  Server          Dispatching '/crossdomain.xml'@37.143.193.198
17:12:47,987 INFO  Server          Dispatching '/app/getLanguageStrings'@37.143.193.198
17:12:48,499 INFO  Server          Dispatching '/app/init'@37.143.193.198
17:12:48,674 INFO  Server          Dispatching '/app/getServerXmls'@37.143.193.198
17:12:48,853 INFO  Server          Dispatching '/char/list'@37.143.193.198
17:12:49,034 INFO  Server          Dispatching '/dailyLogin/fetchCalendar'@37.143.193.198
17:12:49,214 INFO  Server          Dispatching '/inGameNews/getNews'@37.143.193.198
17:12:49,397 INFO  Server          Dispatching '/app/globalNews'@37.143.193.198
17:12:49,617 INFO  Server          Dispatching '/mysterybox/getBoxes'@37.143.193.198
17:18:44,647 INFO  Server          Dispatching '/crossdomain.xml'@94.232.32.94
17:18:44,799 INFO  Server          Dispatching '/app/getLanguageStrings'@94.232.32.94
17:18:45,217 INFO  Server          Dispatching '/app/init'@94.232.32.94
17:18:45,358 INFO  Server          Dispatching '/app/getServerXmls'@94.232.32.94
17:18:45,511 INFO  Server          Dispatching '/char/list'@94.232.32.94
17:18:45,684 INFO  Server          Dispatching '/dailyLogin/fetchCalendar'@94.232.32.94
17:18:45,824 INFO  Server          Dispatching '/inGameNews/getNews'@94.232.32.94
17:18:45,972 INFO  Server          Dispatching '/app/globalNews'@94.232.32.94
17:18:46,185 INFO  Server          Dispatching '/mysterybox/getBoxes'@94.232.32.94
17:25:05,270 INFO  Server          Dispatching '/crossdomain.xml'@73.9.186.44
17:25:05,315 INFO  Server          Dispatching '/app/getLanguageStrings'@73.9.186.44
17:25:05,433 INFO  Server          Dispatching '/app/init'@73.9.186.44
17:25:05,469 INFO  Server          Dispatching '/app/getServerXmls'@73.9.186.44
17:25:05,503 INFO  Server          Dispatching '/char/list'@73.9.186.44
17:25:05,662 INFO  Server          Dispatching '/dailyLogin/fetchCalendar'@73.9.186.44
17:25:05,722 INFO  Server          Dispatching '/inGameNews/getNews'@73.9.186.44
17:25:05,831 INFO  Server          Dispatching '/app/globalNews'@73.9.186.44
17:25:05,918 INFO  Server          Dispatching '/mysterybox/getBoxes'@73.9.186.44
17:25:24,775 INFO  Server          Dispatching '/char/list'@73.9.186.44
17:25:24,822 INFO  Server          Dispatching '/dailyLogin/fetchCalendar'@73.9.186.44
17:32:09,648 INFO  Server          Dispatching '/char/list'@73.9.186.44
17:32:09,724 INFO  Server          Dispatching '/dailyLogin/fetchCalendar'@73.9.186.44
17:35:21,296 INFO  Server          Dispatching '/crossdomain.xml'@35.40.176.60
17:35:22,122 INFO  Server          Dispatching '/app/getLanguageStrings'@35.40.176.60
17:35:26,976 INFO  Server          Dispatching '/app/init'@35.40.176.60
17:35:27,110 INFO  Server          Dispatching '/app/getServerXmls'@35.40.176.60
17:35:29,701 INFO  Server          Dispatching '/char/list'@35.40.176.60
17:35:35,540 INFO  Server          Dispatching '/dailyLogin/fetchCalendar'@35.40.176.60
17:35:35,592 INFO  Server          Dispatching '/inGameNews/getNews'@35.40.176.60
17:35:35,648 INFO  Server          Dispatching '/app/globalNews'@35.40.176.60
17:35:35,725 INFO  Server          Dispatching '/mysterybox/getBoxes'@35.40.176.60
17:36:52,972 INFO  Server          Dispatching '/account/register'@35.40.176.60
17:36:58,253 INFO  Server          Dispatching '/account/setName'@35.40.176.60
17:39:12,049 INFO  Server          Dispatching '/char/list'@73.9.186.44
17:39:12,099 INFO  Server          Dispatching '/dailyLogin/fetchCalendar'@73.9.186.44
17:40:46,319 INFO  Server          Dispatching '/char/list'@73.9.186.44
17:40:46,370 INFO  Server          Dispatching '/dailyLogin/fetchCalendar'@73.9.186.44
17:40:49,172 INFO  Server          Dispatching '/char/delete'@73.9.186.44
17:41:02,220 INFO  Server          Dispatching '/char/list'@73.9.186.44
17:41:02,282 INFO  Server          Dispatching '/dailyLogin/fetchCalendar'@73.9.186.44
17:41:04,588 INFO  Server          Dispatching '/char/delete'@73.9.186.44
17:47:29,292 INFO  Server          Dispatching '/crossdomain.xml'@94.232.32.94
17:47:29,417 INFO  Server          Dispatching '/app/getLanguageStrings'@94.232.32.94
17:47:29,837 INFO  Server          Dispatching '/app/init'@94.232.32.94
17:47:29,975 INFO  Server          Dispatching '/app/getServerXmls'@94.232.32.94
17:47:30,111 INFO  Server          Dispatching '/char/list'@94.232.32.94
17:47:30,285 INFO  Server          Dispatching '/dailyLogin/fetchCalendar'@94.232.32.94
17:47:30,425 INFO  Server          Dispatching '/inGameNews/getNews'@94.232.32.94
17:47:30,557 INFO  Server          Dispatching '/app/globalNews'@94.232.32.94
17:47:30,775 INFO  Server          Dispatching '/mysterybox/getBoxes'@94.232.32.94
17:48:11,212 INFO  ChatManager     <Legend -> Piorunixst> them maps make me wanna *UGHHH*
17:48:18,198 INFO  ChatManager     <Legend -> Piorunixst> : )
17:48:33,155 INFO  ChatManager     <Legend -> Piorunixst> ngl prob the weirdest thing i've ever wrote 
17:50:14,261 INFO  Server          Dispatching '/crossdomain.xml'@94.232.32.94
17:50:14,386 INFO  Server          Dispatching '/app/getLanguageStrings'@94.232.32.94
17:50:14,795 INFO  Server          Dispatching '/app/init'@94.232.32.94
17:50:14,937 INFO  Server          Dispatching '/app/getServerXmls'@94.232.32.94
17:50:15,072 INFO  Server          Dispatching '/char/list'@94.232.32.94
17:50:15,248 INFO  Server          Dispatching '/dailyLogin/fetchCalendar'@94.232.32.94
17:50:15,385 INFO  Server          Dispatching '/inGameNews/getNews'@94.232.32.94
17:50:15,520 INFO  Server          Dispatching '/app/globalNews'@94.232.32.94
17:50:15,718 INFO  Server          Dispatching '/mysterybox/getBoxes'@94.232.32.94
17:51:56,973 INFO  Server          Dispatching '/char/list'@35.40.176.60
17:51:57,011 INFO  Server          Dispatching '/dailyLogin/fetchCalendar'@35.40.176.60
17:55:39,100 INFO  ChatManager     <Announcement> Krystaline has been spawned.
18:03:10,043 INFO  Server          Dispatching '/char/fame'@73.9.186.44
18:03:11,722 INFO  Server          Dispatching '/fame/list'@73.9.186.44
18:03:11,974 INFO  Server          Dispatching '/char/list'@73.9.186.44
18:03:12,021 INFO  Server          Dispatching '/dailyLogin/fetchCalendar'@73.9.186.44
18:03:15,113 INFO  Server          Dispatching '/fame/list'@73.9.186.44
18:03:16,966 INFO  Server          Dispatching '/char/fame'@73.9.186.44
18:03:18,245 INFO  Server          Dispatching '/fame/list'@73.9.186.44
18:03:19,242 INFO  Server          Dispatching '/char/fame'@73.9.186.44
18:03:22,693 INFO  Server          Dispatching '/fame/list'@73.9.186.44
18:03:23,505 INFO  Server          Dispatching '/char/fame'@73.9.186.44
18:03:25,360 INFO  Server          Dispatching '/fame/list'@73.9.186.44
18:06:29,762 INFO  Server          Dispatching '/char/list'@73.9.186.44
18:06:29,810 INFO  Server          Dispatching '/dailyLogin/fetchCalendar'@73.9.186.44
18:08:44,915 INFO  Server          Dispatching '/crossdomain.xml'@172.58.92.0
18:08:45,032 INFO  Server          Dispatching '/app/getLanguageStrings'@172.58.92.0
18:08:45,371 INFO  Server          Dispatching '/app/init'@172.58.92.0
18:08:45,523 INFO  Server          Dispatching '/app/getServerXmls'@172.58.92.0
18:08:45,673 INFO  Server          Dispatching '/char/list'@172.58.92.0
18:08:45,834 INFO  Server          Dispatching '/dailyLogin/fetchCalendar'@172.58.92.0
18:08:45,963 INFO  Server          Dispatching '/inGameNews/getNews'@172.58.92.0
18:08:46,124 INFO  Server          Dispatching '/app/globalNews'@172.58.92.0
18:08:46,328 INFO  Server          Dispatching '/mysterybox/getBoxes'@172.58.92.0
18:09:03,019 INFO  Server          Dispatching '/account/register'@172.58.92.0
18:09:08,462 INFO  Server          Dispatching '/account/setName'@172.58.92.0
18:10:42,176 INFO  Server          Dispatching '/char/list'@73.9.186.44
18:10:42,217 INFO  Server          Dispatching '/dailyLogin/fetchCalendar'@73.9.186.44
18:13:18,134 INFO  Server          Dispatching '/crossdomain.xml'@73.9.186.44
18:13:18,161 INFO  Server          Dispatching '/app/getLanguageStrings'@73.9.186.44
18:13:18,279 INFO  Server          Dispatching '/app/init'@73.9.186.44
18:13:18,337 INFO  Server          Dispatching '/app/getServerXmls'@73.9.186.44
18:13:18,389 INFO  Server          Dispatching '/char/list'@73.9.186.44
18:13:18,513 INFO  Server          Dispatching '/dailyLogin/fetchCalendar'@73.9.186.44
18:13:18,574 INFO  Server          Dispatching '/inGameNews/getNews'@73.9.186.44
18:13:18,656 INFO  Server          Dispatching '/app/globalNews'@73.9.186.44
18:13:18,772 INFO  Server          Dispatching '/mysterybox/getBoxes'@73.9.186.44
18:13:45,830 INFO  ChatManager     <Announcement> Prepare to disconnect as I am pushing a patch for the multiple arenas.
18:13:57,367 INFO  Server          Dispatching '/char/list'@35.40.176.60
18:13:57,418 INFO  Server          Dispatching '/dailyLogin/fetchCalendar'@35.40.176.60
18:13:59,410 INFO  Server          Dispatching '/fame/list'@35.40.176.60
18:14:00,964 INFO  Server          Dispatching '/fame/list'@35.40.176.60
18:14:01,563 INFO  Server          Dispatching '/fame/list'@35.40.176.60
18:14:02,571 INFO  Server          Dispatching '/char/fame'@35.40.176.60
18:14:07,751 INFO  Server          Dispatching '/fame/list'@35.40.176.60
18:14:08,628 INFO  Server          Dispatching '/char/fame'@35.40.176.60
18:14:11,593 INFO  Server          Dispatching '/fame/list'@35.40.176.60
18:14:31,834 INFO  Server          Dispatching '/char/list'@172.58.92.0
18:14:32,952 INFO  Server          Dispatching '/dailyLogin/fetchCalendar'@172.58.92.0
