00:00:10,821 INFO  NAEast     Moon            Population Recalculated!
00:00:10,826 INFO  NAEast     Moon            Population respawned! 354
00:00:16,957 INFO  NAEast     Oryx            Oryx is controlling population...
00:00:16,971 INFO  NAEast     Oryx            Oryx is back to sleep.
00:00:40,773 INFO  NAEast     Moon            Population Recalculated!
00:01:10,800 INFO  NAEast     Moon            Population Recalculated!
00:01:10,803 INFO  NAEast     Moon            Population respawned! 354
00:01:18,040 INFO  NAEast     Oryx            Oryx is controlling population...
00:01:18,051 INFO  NAEast     Oryx            Oryx is back to sleep.
00:01:40,824 INFO  NAEast     Moon            Population Recalculated!
00:01:58,725 INFO  NAEast     ChatManager     [Realm(1)] <Oryx the Mad God> My legion of 3 Red Demons live only to serve me!
00:02:10,921 INFO  NAEast     Moon            Population Recalculated!
00:02:10,927 INFO  NAEast     Moon            Population respawned! 354
00:02:18,828 INFO  NAEast     Oryx            Oryx is controlling population...
00:02:18,838 INFO  NAEast     Oryx            Oryx is back to sleep.
00:02:40,772 INFO  NAEast     Moon            Population Recalculated!
00:03:10,958 INFO  NAEast     Moon            Population Recalculated!
00:03:10,962 INFO  NAEast     Moon            Population respawned! 354
00:03:19,441 INFO  NAEast     Oryx            Oryx is controlling population...
00:03:19,450 INFO  NAEast     Oryx            Oryx is back to sleep.
00:03:40,774 INFO  NAEast     Moon            Population Recalculated!
00:04:10,833 INFO  NAEast     Moon            Population Recalculated!
00:04:10,837 INFO  NAEast     Moon            Population respawned! 354
00:04:20,030 INFO  NAEast     Oryx            Oryx is controlling population...
00:04:20,039 INFO  NAEast     Oryx            Oryx is back to sleep.
00:04:40,954 INFO  NAEast     Moon            Population Recalculated!
00:05:10,780 INFO  NAEast     Moon            Population Recalculated!
00:05:10,786 INFO  NAEast     Moon            Population respawned! 354
00:05:20,967 INFO  NAEast     Oryx            Oryx is controlling population...
00:05:20,976 INFO  NAEast     Oryx            Oryx is back to sleep.
00:05:40,879 INFO  NAEast     Moon            Population Recalculated!
00:06:10,861 INFO  NAEast     Moon            Population Recalculated!
00:06:10,865 INFO  NAEast     Moon            Population respawned! 354
00:06:21,702 INFO  NAEast     Oryx            Oryx is controlling population...
00:06:21,711 INFO  NAEast     Oryx            Oryx is back to sleep.
00:06:40,874 INFO  NAEast     Moon            Population Recalculated!
00:07:02,244 INFO  NAEast     ChatManager     [Realm(1)] <Oryx the Mad God> Fools! There is no escape from my 3 Red Demons!
00:07:10,772 INFO  NAEast     Moon            Population Recalculated!
00:07:10,775 INFO  NAEast     Moon            Population respawned! 354
00:07:22,500 INFO  NAEast     Oryx            Oryx is controlling population...
00:07:22,512 INFO  NAEast     Oryx            Oryx is back to sleep.
00:07:40,763 INFO  NAEast     Moon            Population Recalculated!
00:08:10,779 INFO  NAEast     Moon            Population Recalculated!
00:08:10,782 INFO  NAEast     Moon            Population respawned! 354
00:08:23,199 INFO  NAEast     Oryx            Oryx is controlling population...
00:08:23,212 INFO  NAEast     Oryx            Oryx is back to sleep.
00:08:40,841 INFO  NAEast     Moon            Population Recalculated!
00:09:10,955 INFO  NAEast     Moon            Population Recalculated!
00:09:10,960 INFO  NAEast     Moon            Population respawned! 354
00:09:23,641 INFO  NAEast     Oryx            Oryx is controlling population...
00:09:23,652 INFO  NAEast     Oryx            Oryx is back to sleep.
00:09:40,953 INFO  NAEast     Moon            Population Recalculated!
00:10:10,941 INFO  NAEast     Moon            Population Recalculated!
00:10:10,944 INFO  NAEast     Moon            Population respawned! 354
00:10:24,391 INFO  NAEast     Oryx            Oryx is controlling population...
00:10:24,400 INFO  NAEast     Oryx            Oryx is back to sleep.
00:10:40,918 INFO  NAEast     Moon            Population Recalculated!
00:11:10,912 INFO  NAEast     Moon            Population Recalculated!
00:11:10,916 INFO  NAEast     Moon            Population respawned! 354
00:11:25,137 INFO  NAEast     ChatManager     [Realm(1)] <Oryx the Mad God> Before you enter the Shatters you must defeat the Avatar of the Forgotten King!
00:11:25,144 INFO  NAEast     Oryx            Oryx is controlling population...
00:11:25,155 INFO  NAEast     Oryx            Oryx is back to sleep.
00:11:40,799 INFO  NAEast     Moon            Population Recalculated!
00:12:10,764 INFO  NAEast     Moon            Population Recalculated!
00:12:10,767 INFO  NAEast     Moon            Population respawned! 354
00:12:25,789 INFO  NAEast     Oryx            Oryx is controlling population...
00:12:25,801 INFO  NAEast     Oryx            Oryx is back to sleep.
00:12:40,801 INFO  NAEast     Moon            Population Recalculated!
00:13:10,858 INFO  NAEast     Moon            Population Recalculated!
00:13:10,863 INFO  NAEast     Moon            Population respawned! 354
00:13:26,644 INFO  NAEast     ChatManager     [Realm(1)] <Oryx the Mad God> I am invincible while my 4 Liches still stand!
00:13:26,647 INFO  NAEast     Oryx            Oryx is controlling population...
00:13:26,657 INFO  NAEast     Oryx            Oryx is back to sleep.
00:13:40,860 INFO  NAEast     Moon            Population Recalculated!
00:13:46,901 INFO  NAEast     ChatManager     [Realm(1)] <Oryx the Mad God> My 6 powerful Cyclops Gods will smash you!
00:14:10,847 INFO  NAEast     Moon            Population Recalculated!
00:14:10,850 INFO  NAEast     Moon            Population respawned! 354
00:14:27,361 INFO  NAEast     Oryx            Oryx is controlling population...
00:14:27,370 INFO  NAEast     Oryx            Oryx is back to sleep.
00:14:40,837 INFO  NAEast     Moon            Population Recalculated!
00:15:10,921 INFO  NAEast     Moon            Population Recalculated!
00:15:10,924 INFO  NAEast     Moon            Population respawned! 354
00:15:27,885 INFO  NAEast     Oryx            Oryx is controlling population...
00:15:27,895 INFO  NAEast     Oryx            Oryx is back to sleep.
00:15:40,920 INFO  NAEast     Moon            Population Recalculated!
00:16:10,800 INFO  NAEast     Moon            Population Recalculated!
00:16:10,804 INFO  NAEast     Moon            Population respawned! 354
00:16:28,628 INFO  NAEast     ChatManager     [Realm(1)] <Oryx the Mad God> My 3 Oasis Giants will feast on your flesh!
00:16:28,631 INFO  NAEast     Oryx            Oryx is controlling population...
00:16:28,639 INFO  NAEast     Oryx            Oryx is back to sleep.
00:16:40,972 INFO  NAEast     Moon            Population Recalculated!
00:17:10,919 INFO  NAEast     Moon            Population Recalculated!
00:17:10,922 INFO  NAEast     Moon            Population respawned! 354
00:17:29,302 INFO  NAEast     Oryx            Oryx is controlling population...
00:17:29,314 INFO  NAEast     Oryx            Oryx is back to sleep.
00:17:40,824 INFO  NAEast     Moon            Population Recalculated!
00:17:49,464 INFO  NAEast     ChatManager     [Realm(1)] <Oryx the Mad God> Mortal scum! My 18 Ent Ancients will defend me forever!
00:18:10,905 INFO  NAEast     Moon            Population Recalculated!
00:18:10,908 INFO  NAEast     Moon            Population respawned! 354
00:18:29,864 INFO  NAEast     Oryx            Oryx is controlling population...
00:18:29,874 INFO  NAEast     Oryx            Oryx is back to sleep.
00:18:40,923 INFO  NAEast     Moon            Population Recalculated!
00:19:10,898 INFO  NAEast     Moon            Population Recalculated!
00:19:10,902 INFO  NAEast     Moon            Population respawned! 354
00:19:30,483 INFO  NAEast     Oryx            Oryx is controlling population...
00:19:30,493 INFO  NAEast     Oryx            Oryx is back to sleep.
00:19:40,768 INFO  NAEast     Moon            Population Recalculated!
00:20:10,762 INFO  NAEast     Moon            Population Recalculated!
00:20:10,764 INFO  NAEast     Moon            Population respawned! 354
00:20:10,985 INFO  NAEast     ChatManager     [Realm(1)] <Oryx the Mad God> My 4 Liches will feast on your essence!
00:20:31,351 INFO  NAEast     Oryx            Oryx is controlling population...
00:20:31,370 INFO  NAEast     Oryx            Oryx is back to sleep.
00:20:40,863 INFO  NAEast     Moon            Population Recalculated!
00:20:51,588 INFO  NAEast     ChatManager     [Realm(1)] <Oryx the Mad God> Fools! There is no escape from my 3 Red Demons!
00:21:10,888 INFO  NAEast     Moon            Population Recalculated!
00:21:10,891 INFO  NAEast     Moon            Population respawned! 354
00:21:32,111 INFO  NAEast     Oryx            Oryx is controlling population...
00:21:32,120 INFO  NAEast     Oryx            Oryx is back to sleep.
00:21:40,965 INFO  NAEast     Moon            Population Recalculated!
00:22:10,949 INFO  NAEast     ChatManager     [Realm(1)] <Oryx the Mad God> I HAVE CLOSED THIS REALM!
00:22:10,952 INFO  NAEast     ChatManager     [Realm(1)] <Oryx the Mad God> YOU WILL NOT LIVE TO SEE THE LIGHT OF DAY!
00:22:10,954 INFO  NAEast     ChatManager     [Moon(2)] <Oryx the Mad God> I HAVE CLOSED THIS REALM!
00:22:10,954 INFO  NAEast     Realm           Initializing Game World 1(Realm) from map 1...
00:22:10,956 INFO  NAEast     ChatManager     [Moon(2)] <Oryx the Mad God> YOU WILL NOT LIVE TO SEE THE LIGHT OF DAY!
00:22:10,958 INFO  NAEast     World           Loading map for world 1(Realm)...
00:22:10,961 INFO  NAEast     Moon            Population Recalculated!
00:22:10,971 INFO  NAEast     Moon            Population respawned! 354
00:22:11,732 INFO  NAEast     SetPieces       Applying set pieces to world 1(Realm).
00:22:11,971 INFO  NAEast     SetPieces       Set pieces applied.
00:22:11,973 INFO  NAEast     Oryx            Oryx is controlling world 1(Realm)...
00:22:12,593 INFO  NAEast     Oryx            Spawning minions...
00:22:13,085 INFO  NAEast     Oryx            Oryx is done.
00:22:13,100 INFO  NAEast     Oryx            Oryx is controlling world 1(Realm)...
00:22:13,780 INFO  NAEast     Oryx            Spawning minions...
00:22:14,227 INFO  NAEast     Oryx            Oryx is done.
00:22:14,239 INFO  NAEast     Realm           Game World initalized.
00:22:14,248 INFO  NAEast     Oryx            Oryx is controlling population...
00:22:14,303 INFO  NAEast     Oryx            Oryx is back to sleep.
00:22:40,791 INFO  NAEast     Moon            Population Recalculated!
00:22:51,283 INFO  NAEast     ChatManager     [Realm(1)] <Oryx the Mad God> My legion of 4 Red Demons live only to serve me!
00:23:10,761 INFO  NAEast     Moon            Population Recalculated!
00:23:10,764 INFO  NAEast     Moon            Population respawned! 354
00:23:11,646 INFO  NAEast     Oryx            Oryx is controlling population...
00:23:11,656 INFO  NAEast     Oryx            Oryx is back to sleep.
00:23:40,955 INFO  NAEast     Moon            Population Recalculated!
00:24:10,873 INFO  NAEast     Moon            Population Recalculated!
00:24:10,878 INFO  NAEast     Moon            Population respawned! 354
00:24:12,302 INFO  NAEast     Oryx            Oryx is controlling population...
00:24:12,319 INFO  NAEast     Oryx            Oryx is back to sleep.
00:24:32,362 INFO  NAEast     ChatManager     [Realm(1)] <Oryx the Mad God> My last Phoenix Lord will blacken your bones!
00:24:40,764 INFO  NAEast     Moon            Population Recalculated!
00:25:10,898 INFO  NAEast     Moon            Population Recalculated!
00:25:10,901 INFO  NAEast     Moon            Population respawned! 354
00:25:12,865 INFO  NAEast     ChatManager     [Realm(1)] <Oryx the Mad God> Fools! There is no escape from my 4 Red Demons!
00:25:12,869 INFO  NAEast     Oryx            Oryx is controlling population...
00:25:12,875 INFO  NAEast     Oryx            Oryx is back to sleep.
00:25:33,002 INFO  NAEast     ChatManager     [Realm(1)] <Oryx the Mad God> My 4 powerful Cyclops Gods will smash you!
00:25:40,779 INFO  NAEast     Moon            Population Recalculated!
00:26:10,894 INFO  NAEast     Moon            Population Recalculated!
00:26:10,902 INFO  NAEast     Moon            Population respawned! 354
00:26:13,411 INFO  NAEast     Oryx            Oryx is controlling population...
00:26:13,420 INFO  NAEast     Oryx            Oryx is back to sleep.
00:26:40,946 INFO  NAEast     Moon            Population Recalculated!
00:27:10,968 INFO  NAEast     Moon            Population Recalculated!
00:27:10,973 INFO  NAEast     Moon            Population respawned! 354
00:27:13,807 INFO  NAEast     Oryx            Oryx is controlling population...
00:27:13,817 INFO  NAEast     Oryx            Oryx is back to sleep.
00:27:40,951 INFO  NAEast     Moon            Population Recalculated!
00:28:10,781 INFO  NAEast     Moon            Population Recalculated!
00:28:10,784 INFO  NAEast     Moon            Population respawned! 354
00:28:14,399 INFO  NAEast     ChatManager     [Realm(1)] <Oryx the Mad God> My 5 Liches will feast on your essence!
00:28:14,404 INFO  NAEast     Oryx            Oryx is controlling population...
00:28:14,415 INFO  NAEast     Oryx            Oryx is back to sleep.
00:28:40,976 INFO  NAEast     Moon            Population Recalculated!
00:29:10,952 INFO  NAEast     Moon            Population Recalculated!
00:29:10,959 INFO  NAEast     Moon            Population respawned! 354
00:29:15,368 INFO  NAEast     Oryx            Oryx is controlling population...
00:29:15,391 INFO  NAEast     Oryx            Oryx is back to sleep.
00:29:40,922 INFO  NAEast     Moon            Population Recalculated!
00:30:10,873 INFO  NAEast     Moon            Population Recalculated!
00:30:10,875 INFO  NAEast     Moon            Population respawned! 354
00:30:16,111 INFO  NAEast     Oryx            Oryx is controlling population...
00:30:16,120 INFO  NAEast     Oryx            Oryx is back to sleep.
00:30:40,830 INFO  NAEast     Moon            Population Recalculated!
00:31:10,969 INFO  NAEast     Moon            Population Recalculated!
00:31:10,975 INFO  NAEast     Moon            Population respawned! 354
00:31:16,508 INFO  NAEast     Oryx            Oryx is controlling population...
00:31:16,518 INFO  NAEast     Oryx            Oryx is back to sleep.
00:31:40,852 INFO  NAEast     Moon            Population Recalculated!
00:31:56,954 INFO  NAEast     ChatManager     [Realm(1)] <Oryx the Mad God> My 4 powerful Cyclops Gods will smash you!
00:32:10,771 INFO  NAEast     Moon            Population Recalculated!
00:32:10,774 INFO  NAEast     Moon            Population respawned! 354
00:32:17,197 INFO  NAEast     ChatManager     [Realm(1)] <Oryx the Mad God> My final Phoenix Lord will never fall!
00:32:17,201 INFO  NAEast     Oryx            Oryx is controlling population...
00:32:17,209 INFO  NAEast     Oryx            Oryx is back to sleep.
00:32:40,906 INFO  NAEast     Moon            Population Recalculated!
00:33:10,795 INFO  NAEast     Moon            Population Recalculated!
00:33:10,798 INFO  NAEast     Moon            Population respawned! 354
00:33:18,129 INFO  NAEast     Oryx            Oryx is controlling population...
00:33:18,140 INFO  NAEast     Oryx            Oryx is back to sleep.
00:33:40,848 INFO  NAEast     Moon            Population Recalculated!
00:33:58,732 INFO  NAEast     ChatManager     [Realm(1)] <Oryx the Mad God> Cretins! I have 4 Cyclops Gods to guard me!
00:34:10,850 INFO  NAEast     Moon            Population Recalculated!
00:34:10,854 INFO  NAEast     Moon            Population respawned! 354
00:34:18,957 INFO  NAEast     Oryx            Oryx is controlling population...
00:34:18,967 INFO  NAEast     Oryx            Oryx is back to sleep.
00:34:40,870 INFO  NAEast     Moon            Population Recalculated!
00:35:10,928 INFO  NAEast     Moon            Population Recalculated!
00:35:10,931 INFO  NAEast     Moon            Population respawned! 354
00:35:19,459 INFO  NAEast     Oryx            Oryx is controlling population...
00:35:19,466 INFO  NAEast     Oryx            Oryx is back to sleep.
00:35:40,928 INFO  NAEast     Moon            Population Recalculated!
00:35:59,854 INFO  NAEast     ChatManager     [Realm(1)] <Oryx the Mad God> My last Phoenix Lord will blacken your bones!
00:36:10,931 INFO  NAEast     Moon            Population Recalculated!
00:36:10,934 INFO  NAEast     Moon            Population respawned! 354
00:36:20,249 INFO  NAEast     Oryx            Oryx is controlling population...
00:36:20,260 INFO  NAEast     Oryx            Oryx is back to sleep.
00:36:40,581 INFO  NAEast     ChatManager     [Realm(1)] <Oryx the Mad God> My final Phoenix Lord will never fall!
00:36:40,801 INFO  NAEast     Moon            Population Recalculated!
00:37:00,795 INFO  NAEast     ChatManager     [Realm(1)] <Oryx the Mad God> You have no hope against my 2 Oasis Giants!
00:37:10,781 INFO  NAEast     Moon            Population Recalculated!
00:37:10,791 INFO  NAEast     Moon            Population respawned! 354
00:37:21,129 INFO  NAEast     Oryx            Oryx is controlling population...
00:37:21,140 INFO  NAEast     Oryx            Oryx is back to sleep.
00:37:40,858 INFO  NAEast     Moon            Population Recalculated!
00:38:01,571 INFO  NAEast     ChatManager     [Realm(1)] <Oryx the Mad God> You have no hope against my 2 Oasis Giants!
00:38:10,783 INFO  NAEast     Moon            Population Recalculated!
00:38:10,793 INFO  NAEast     Moon            Population respawned! 354
00:38:21,752 INFO  NAEast     Oryx            Oryx is controlling population...
00:38:21,763 INFO  NAEast     Oryx            Oryx is back to sleep.
00:38:40,824 INFO  NAEast     Moon            Population Recalculated!
00:39:02,104 INFO  NAEast     ChatManager     [Realm(1)] <Oryx the Mad God> My forest of 17 Ent Ancients is all the protection I need!
00:39:10,922 INFO  NAEast     Moon            Population Recalculated!
00:39:10,960 INFO  NAEast     Moon            Population respawned! 354
00:39:22,307 INFO  NAEast     Oryx            Oryx is controlling population...
00:39:22,328 INFO  NAEast     Oryx            Oryx is back to sleep.
00:39:40,909 INFO  NAEast     Moon            Population Recalculated!
00:40:02,638 INFO  NAEast     ChatManager     [Realm(1)] <Oryx the Mad God> My 2 Oasis Giants will feast on your flesh!
00:40:10,897 INFO  NAEast     Moon            Population Recalculated!
00:40:10,960 INFO  NAEast     Moon            Population respawned! 354
00:40:22,852 INFO  NAEast     ChatManager     [Realm(1)] <Oryx the Mad God> My 5 Liches will feast on your essence!
00:40:22,868 INFO  NAEast     Oryx            Oryx is controlling population...
00:40:22,890 INFO  NAEast     Oryx            Oryx is back to sleep.
00:40:40,857 INFO  NAEast     Moon            Population Recalculated!
00:40:43,245 INFO  NAEast     ChatManager     [Realm(1)] <Oryx the Mad God> Kill the Avatar, and you risk setting free an abomination.
00:41:03,507 INFO  NAEast     ChatManager     [Realm(1)] <Oryx the Mad God> Attacking the Avatar of the Forgotten King would be...unwise.
00:41:10,862 INFO  NAEast     Moon            Population Recalculated!
00:41:10,941 INFO  NAEast     Moon            Population respawned! 354
00:41:23,828 INFO  NAEast     Oryx            Oryx is controlling population...
00:41:23,844 INFO  NAEast     Oryx            Oryx is back to sleep.
00:41:40,857 INFO  NAEast     Moon            Population Recalculated!
00:42:10,963 INFO  NAEast     Moon            Population Recalculated!
00:42:10,969 INFO  NAEast     Moon            Population respawned! 354
00:42:24,216 INFO  NAEast     Oryx            Oryx is controlling population...
00:42:24,231 INFO  NAEast     Oryx            Oryx is back to sleep.
00:42:40,870 INFO  NAEast     Moon            Population Recalculated!
00:43:10,911 INFO  NAEast     Moon            Population Recalculated!
00:43:10,916 INFO  NAEast     Moon            Population respawned! 354
00:43:24,776 INFO  NAEast     Oryx            Oryx is controlling population...
00:43:24,839 INFO  NAEast     Oryx            Oryx is back to sleep.
00:43:40,827 INFO  NAEast     Moon            Population Recalculated!
